2013/08/13 02:48:11 [error] [exception.CDbException] could not find driver
2013/08/13 02:48:11 [error] [exception.CDbException] exception 'CDbException' with message 'CDbConnection failed to open the DB connection.' in C:\Server\WebDocs\yii\framework\db\CDbConnection.php:388
Stack trace:
#0 C:\Server\WebDocs\yii\framework\db\CDbConnection.php(330): CDbConnection->open()
#1 C:\Server\WebDocs\yii\framework\db\CDbConnection.php(308): CDbConnection->setActive(true)
#2 C:\Server\WebDocs\yii\framework\base\CModule.php(387): CDbConnection->init()
#3 C:\Server\WebDocs\yii\framework\base\CApplication.php(450): CModule->getComponent('db')
#4 C:\Server\WebDocs\yii\framework\db\ar\CActiveRecord.php(634): CApplication->getDb()
#5 C:\Server\WebDocs\yii\framework\db\ar\CActiveRecord.php(667): CActiveRecord->getDbConnection()
#6 C:\Server\WebDocs\yii\framework\db\ar\CActiveRecord.php(1595): CActiveRecord->getCommandBuilder()
#7 C:\Server\WebDocs\yii\framework\web\CActiveDataProvider.php(228): CActiveRecord->count(Object(CDbCriteria))
#8 C:\Server\WebDocs\yii\framework\web\CDataProvider.php(224): CActiveDataProvider->calculateTotalItemCount()
#9 C:\Server\WebDocs\yii\framework\web\CActiveDataProvider.php(178): CDataProvider->getTotalItemCount()
#10 C:\Server\WebDocs\yii\framework\web\CDataProvider.php(168): CActiveDataProvider->fetchData()
#11 C:\Server\WebDocs\yii\framework\zii\widgets\CBaseListView.php(111): CDataProvider->getData()
#12 C:\Server\WebDocs\yii\framework\zii\widgets\CListView.php(211): CBaseListView->init()
#13 C:\Server\WebDocs\yii\framework\web\CBaseController.php(147): CListView->init()
#14 C:\Server\WebDocs\yii\framework\web\CBaseController.php(172): CBaseController->createWidget('zii.widgets.CLi...', Array)
#15 C:\Server\WebDocs\yii\demos\blog\protected\views\post\index.php(9): CBaseController->widget('zii.widgets.CLi...', Array)
#16 C:\Server\WebDocs\yii\framework\web\CBaseController.php(126): require('C:\Server\WebDo...')
#17 C:\Server\WebDocs\yii\framework\web\CBaseController.php(95): CBaseController->renderInternal('C:\Server\WebDo...', Array, true)
#18 C:\Server\WebDocs\yii\framework\web\CController.php(869): CBaseController->renderFile('C:\Server\WebDo...', Array, true)
#19 C:\Server\WebDocs\yii\framework\web\CController.php(782): CController->renderPartial('index', Array, true)
#20 C:\Server\WebDocs\yii\demos\blog\protected\controllers\PostController.php(136): CController->render('index', Array)
#21 C:\Server\WebDocs\yii\framework\web\actions\CInlineAction.php(49): PostController->actionIndex()
#22 C:\Server\WebDocs\yii\framework\web\CController.php(308): CInlineAction->runWithParams(Array)
#23 C:\Server\WebDocs\yii\framework\web\filters\CFilterChain.php(133): CController->runAction(Object(CInlineAction))
#24 C:\Server\WebDocs\yii\framework\web\filters\CFilter.php(40): CFilterChain->run()
#25 C:\Server\WebDocs\yii\framework\web\CController.php(1145): CFilter->filter(Object(CFilterChain))
#26 C:\Server\WebDocs\yii\framework\web\filters\CInlineFilter.php(58): CController->filterAccessControl(Object(CFilterChain))
#27 C:\Server\WebDocs\yii\framework\web\filters\CFilterChain.php(130): CInlineFilter->filter(Object(CFilterChain))
#28 C:\Server\WebDocs\yii\framework\web\CController.php(291): CFilterChain->run()
#29 C:\Server\WebDocs\yii\framework\web\CController.php(265): CController->runActionWithFilters(Object(CInlineAction), Array)
#30 C:\Server\WebDocs\yii\framework\web\CWebApplication.php(282): CController->run('')
#31 C:\Server\WebDocs\yii\framework\web\CWebApplication.php(141): CWebApplication->runController('')
#32 C:\Server\WebDocs\yii\framework\base\CApplication.php(180): CWebApplication->processRequest()
#33 C:\Server\WebDocs\yii\demos\blog\index.php(11): CApplication->run()
#34 {main}
REQUEST_URI=/yii/demos/blog/
---
2013/09/25 22:01:11 [error] [exception.CDbException] could not find driver
2013/09/25 22:01:11 [error] [exception.CDbException] exception 'CDbException' with message 'CDbConnection failed to open the DB connection.' in C:\Server\WebDocs\yii\framework\db\CDbConnection.php:388
Stack trace:
#0 C:\Server\WebDocs\yii\framework\db\CDbConnection.php(330): CDbConnection->open()
#1 C:\Server\WebDocs\yii\framework\db\CDbConnection.php(308): CDbConnection->setActive(true)
#2 C:\Server\WebDocs\yii\framework\base\CModule.php(387): CDbConnection->init()
#3 C:\Server\WebDocs\yii\framework\base\CApplication.php(450): CModule->getComponent('db')
#4 C:\Server\WebDocs\yii\framework\db\ar\CActiveRecord.php(634): CApplication->getDb()
#5 C:\Server\WebDocs\yii\framework\db\ar\CActiveRecord.php(667): CActiveRecord->getDbConnection()
#6 C:\Server\WebDocs\yii\framework\db\ar\CActiveRecord.php(1595): CActiveRecord->getCommandBuilder()
#7 C:\Server\WebDocs\yii\framework\web\CActiveDataProvider.php(228): CActiveRecord->count(Object(CDbCriteria))
#8 C:\Server\WebDocs\yii\framework\web\CDataProvider.php(224): CActiveDataProvider->calculateTotalItemCount()
#9 C:\Server\WebDocs\yii\framework\web\CActiveDataProvider.php(178): CDataProvider->getTotalItemCount()
#10 C:\Server\WebDocs\yii\framework\web\CDataProvider.php(168): CActiveDataProvider->fetchData()
#11 C:\Server\WebDocs\yii\framework\zii\widgets\CBaseListView.php(111): CDataProvider->getData()
#12 C:\Server\WebDocs\yii\framework\zii\widgets\CListView.php(211): CBaseListView->init()
#13 C:\Server\WebDocs\yii\framework\web\CBaseController.php(147): CListView->init()
#14 C:\Server\WebDocs\yii\framework\web\CBaseController.php(172): CBaseController->createWidget('zii.widgets.CLi...', Array)
#15 C:\Server\WebDocs\blog\protected\views\post\index.php(9): CBaseController->widget('zii.widgets.CLi...', Array)
#16 C:\Server\WebDocs\yii\framework\web\CBaseController.php(126): require('C:\Server\WebDo...')
#17 C:\Server\WebDocs\yii\framework\web\CBaseController.php(95): CBaseController->renderInternal('C:\Server\WebDo...', Array, true)
#18 C:\Server\WebDocs\yii\framework\web\CController.php(869): CBaseController->renderFile('C:\Server\WebDo...', Array, true)
#19 C:\Server\WebDocs\yii\framework\web\CController.php(782): CController->renderPartial('index', Array, true)
#20 C:\Server\WebDocs\blog\protected\controllers\PostController.php(136): CController->render('index', Array)
#21 C:\Server\WebDocs\yii\framework\web\actions\CInlineAction.php(49): PostController->actionIndex()
#22 C:\Server\WebDocs\yii\framework\web\CController.php(308): CInlineAction->runWithParams(Array)
#23 C:\Server\WebDocs\yii\framework\web\filters\CFilterChain.php(133): CController->runAction(Object(CInlineAction))
#24 C:\Server\WebDocs\yii\framework\web\filters\CFilter.php(40): CFilterChain->run()
#25 C:\Server\WebDocs\yii\framework\web\CController.php(1145): CFilter->filter(Object(CFilterChain))
#26 C:\Server\WebDocs\yii\framework\web\filters\CInlineFilter.php(58): CController->filterAccessControl(Object(CFilterChain))
#27 C:\Server\WebDocs\yii\framework\web\filters\CFilterChain.php(130): CInlineFilter->filter(Object(CFilterChain))
#28 C:\Server\WebDocs\yii\framework\web\CController.php(291): CFilterChain->run()
#29 C:\Server\WebDocs\yii\framework\web\CController.php(265): CController->runActionWithFilters(Object(CInlineAction), Array)
#30 C:\Server\WebDocs\yii\framework\web\CWebApplication.php(282): CController->run('')
#31 C:\Server\WebDocs\yii\framework\web\CWebApplication.php(141): CWebApplication->runController('')
#32 C:\Server\WebDocs\yii\framework\base\CApplication.php(180): CWebApplication->processRequest()
#33 C:\Server\WebDocs\blog\index.php(11): CApplication->run()
#34 {main}
REQUEST_URI=/blog/
---
2013/09/25 22:09:12 [error] [php] date(): It is not safe to rely on the system's timezone settings. You are *required* to use the date.timezone setting or the date_default_timezone_set() function. In case you used any of those methods and you are still getting this warning, you most likely misspelled the timezone identifier. We selected the timezone 'UTC' for now, but please set date.timezone to select your timezone. (C:\Server\WebDocs\blog\protected\views\post\_view.php:6)
Stack trace:
#0 C:\Server\WebDocs\yii\framework\web\CBaseController.php(95): PostController->renderInternal()
#1 C:\Server\WebDocs\yii\framework\zii\widgets\CListView.php(291): PostController->renderFile()
#2 C:\Server\WebDocs\yii\framework\zii\widgets\CBaseListView.php(167): CListView->renderItems()
#3 unknown(0): CListView->renderSection()
#4 C:\Server\WebDocs\yii\framework\zii\widgets\CBaseListView.php(150): preg_replace_callback()
#5 C:\Server\WebDocs\yii\framework\zii\widgets\CBaseListView.php(135): CListView->renderContent()
#6 C:\Server\WebDocs\yii\framework\web\CBaseController.php(173): CListView->run()
#7 C:\Server\WebDocs\blog\protected\views\post\index.php(9): PostController->widget()
#8 C:\Server\WebDocs\yii\framework\web\CBaseController.php(126): require()
#9 C:\Server\WebDocs\yii\framework\web\CBaseController.php(95): PostController->renderInternal()
#10 C:\Server\WebDocs\yii\framework\web\CController.php(869): PostController->renderFile()
#11 C:\Server\WebDocs\yii\framework\web\CController.php(782): PostController->renderPartial()
#12 C:\Server\WebDocs\blog\protected\controllers\PostController.php(136): PostController->render()
#13 C:\Server\WebDocs\yii\framework\web\actions\CInlineAction.php(49): PostController->actionIndex()
#14 C:\Server\WebDocs\yii\framework\web\CController.php(308): CInlineAction->runWithParams()
#15 C:\Server\WebDocs\yii\framework\web\filters\CFilterChain.php(133): PostController->runAction()
#16 C:\Server\WebDocs\yii\framework\web\filters\CFilter.php(40): CFilterChain->run()
#17 C:\Server\WebDocs\yii\framework\web\CController.php(1145): CAccessControlFilter->filter()
#18 C:\Server\WebDocs\yii\framework\web\filters\CInlineFilter.php(58): PostController->filterAccessControl()
#19 C:\Server\WebDocs\yii\framework\web\filters\CFilterChain.php(130): CInlineFilter->filter()
#20 C:\Server\WebDocs\yii\framework\web\CController.php(291): CFilterChain->run()
#21 C:\Server\WebDocs\yii\framework\web\CController.php(265): PostController->runActionWithFilters()
#22 C:\Server\WebDocs\yii\framework\web\CWebApplication.php(282): PostController->run()
#23 C:\Server\WebDocs\yii\framework\web\CWebApplication.php(141): CWebApplication->runController()
#24 C:\Server\WebDocs\yii\framework\base\CApplication.php(180): CWebApplication->processRequest()
#25 C:\Server\WebDocs\blog\index.php(11): CWebApplication->run()
REQUEST_URI=/blog/
2013/09/26 00:57:35 [error] [php] Undefined index: wupload (C:\Server\WebDocs\blog\protected\controllers\PostController.php:45)
Stack trace:
#0 C:\Server\WebDocs\yii\framework\web\filters\CFilterChain.php(133): PostController->runAction()
#1 C:\Server\WebDocs\yii\framework\web\filters\CFilter.php(40): CFilterChain->run()
#2 C:\Server\WebDocs\yii\framework\web\CController.php(1145): CAccessControlFilter->filter()
#3 C:\Server\WebDocs\yii\framework\web\filters\CInlineFilter.php(58): PostController->filterAccessControl()
#4 C:\Server\WebDocs\yii\framework\web\filters\CFilterChain.php(130): CInlineFilter->filter()
#5 C:\Server\WebDocs\yii\framework\web\CController.php(291): CFilterChain->run()
#6 C:\Server\WebDocs\yii\framework\web\CController.php(265): PostController->runActionWithFilters()
#7 C:\Server\WebDocs\yii\framework\web\CWebApplication.php(282): PostController->run()
#8 C:\Server\WebDocs\yii\framework\web\CWebApplication.php(141): CWebApplication->runController()
#9 C:\Server\WebDocs\yii\framework\base\CApplication.php(180): CWebApplication->processRequest()
#10 C:\Server\WebDocs\blog\index.php(11): CWebApplication->run()
REQUEST_URI=/blog/index.php/post/upload
2013/09/26 02:37:50 [error] [php] Missing argument 2 for CUploadedFile::getInstance(), called in C:\Server\WebDocs\blog\protected\controllers\PostController.php on line 45 and defined (C:\Server\WebDocs\yii\framework\web\CUploadedFile.php:57)
Stack trace:
#0 C:\Server\WebDocs\yii\framework\web\CController.php(308): CInlineAction->runWithParams()
#1 C:\Server\WebDocs\yii\framework\web\filters\CFilterChain.php(133): PostController->runAction()
#2 C:\Server\WebDocs\yii\framework\web\filters\CFilter.php(40): CFilterChain->run()
#3 C:\Server\WebDocs\yii\framework\web\CController.php(1145): CAccessControlFilter->filter()
#4 C:\Server\WebDocs\yii\framework\web\filters\CInlineFilter.php(58): PostController->filterAccessControl()
#5 C:\Server\WebDocs\yii\framework\web\filters\CFilterChain.php(130): CInlineFilter->filter()
#6 C:\Server\WebDocs\yii\framework\web\CController.php(291): CFilterChain->run()
#7 C:\Server\WebDocs\yii\framework\web\CController.php(265): PostController->runActionWithFilters()
#8 C:\Server\WebDocs\yii\framework\web\CWebApplication.php(282): PostController->run()
#9 C:\Server\WebDocs\yii\framework\web\CWebApplication.php(141): CWebApplication->runController()
#10 C:\Server\WebDocs\yii\framework\base\CApplication.php(180): CWebApplication->processRequest()
#11 C:\Server\WebDocs\blog\index.php(11): CWebApplication->run()
REQUEST_URI=/blog/index.php/post/upload
2013/09/26 03:01:48 [error] [exception.CHttpException.404] exception 'CHttpException' with message 'The system is unable to find the requested action "post".' in C:\Server\WebDocs\yii\framework\web\CController.php:483
Stack trace:
#0 C:\Server\WebDocs\yii\framework\web\CController.php(270): CController->missingAction('post')
#1 C:\Server\WebDocs\yii\framework\web\CWebApplication.php(282): CController->run('post')
#2 C:\Server\WebDocs\yii\framework\web\CWebApplication.php(141): CWebApplication->runController('post/post/uploa...')
#3 C:\Server\WebDocs\yii\framework\base\CApplication.php(180): CWebApplication->processRequest()
#4 C:\Server\WebDocs\blog\index.php(11): CApplication->run()
#5 {main}
REQUEST_URI=/blog/index.php/post/post/upload
HTTP_REFERER=http://localhost/blog/index.php/post/create
---
2013/09/26 03:03:19 [error] [exception.CHttpException.404] exception 'CHttpException' with message 'The system is unable to find the requested action "post".' in C:\Server\WebDocs\yii\framework\web\CController.php:483
Stack trace:
#0 C:\Server\WebDocs\yii\framework\web\CController.php(270): CController->missingAction('post')
#1 C:\Server\WebDocs\yii\framework\web\CWebApplication.php(282): CController->run('post')
#2 C:\Server\WebDocs\yii\framework\web\CWebApplication.php(141): CWebApplication->runController('post/post/uploa...')
#3 C:\Server\WebDocs\yii\framework\base\CApplication.php(180): CWebApplication->processRequest()
#4 C:\Server\WebDocs\blog\index.php(11): CApplication->run()
#5 {main}
REQUEST_URI=/blog/index.php/post/post/upload
HTTP_REFERER=http://localhost/blog/index.php/post/create
---
2013/09/26 03:12:04 [error] [php] Undefined offset: 0 (C:\Server\WebDocs\blog\protected\controllers\PostController.php:46)
Stack trace:
#0 C:\Server\WebDocs\yii\framework\web\filters\CFilterChain.php(133): PostController->runAction()
#1 C:\Server\WebDocs\yii\framework\web\filters\CFilter.php(40): CFilterChain->run()
#2 C:\Server\WebDocs\yii\framework\web\CController.php(1145): CAccessControlFilter->filter()
#3 C:\Server\WebDocs\yii\framework\web\filters\CInlineFilter.php(58): PostController->filterAccessControl()
#4 C:\Server\WebDocs\yii\framework\web\filters\CFilterChain.php(130): CInlineFilter->filter()
#5 C:\Server\WebDocs\yii\framework\web\CController.php(291): CFilterChain->run()
#6 C:\Server\WebDocs\yii\framework\web\CController.php(265): PostController->runActionWithFilters()
#7 C:\Server\WebDocs\yii\framework\web\CWebApplication.php(282): PostController->run()
#8 C:\Server\WebDocs\yii\framework\web\CWebApplication.php(141): CWebApplication->runController()
#9 C:\Server\WebDocs\yii\framework\base\CApplication.php(180): CWebApplication->processRequest()
#10 C:\Server\WebDocs\blog\index.php(11): CWebApplication->run()
REQUEST_URI=/blog/index.php/post/upload
2013/09/26 09:47:51 [error] [php] Undefined offset: 0 (C:\Server\WebDocs\blog\protected\controllers\PostController.php:46)
Stack trace:
#0 C:\Server\WebDocs\yii\framework\web\filters\CFilterChain.php(133): PostController->runAction()
#1 C:\Server\WebDocs\yii\framework\web\filters\CFilter.php(40): CFilterChain->run()
#2 C:\Server\WebDocs\yii\framework\web\CController.php(1145): CAccessControlFilter->filter()
#3 C:\Server\WebDocs\yii\framework\web\filters\CInlineFilter.php(58): PostController->filterAccessControl()
#4 C:\Server\WebDocs\yii\framework\web\filters\CFilterChain.php(130): CInlineFilter->filter()
#5 C:\Server\WebDocs\yii\framework\web\CController.php(291): CFilterChain->run()
#6 C:\Server\WebDocs\yii\framework\web\CController.php(265): PostController->runActionWithFilters()
#7 C:\Server\WebDocs\yii\framework\web\CWebApplication.php(282): PostController->run()
#8 C:\Server\WebDocs\yii\framework\web\CWebApplication.php(141): CWebApplication->runController()
#9 C:\Server\WebDocs\yii\framework\base\CApplication.php(180): CWebApplication->processRequest()
#10 C:\Server\WebDocs\blog\index.php(11): CWebApplication->run()
REQUEST_URI=/blog/index.php/post/upload
2013/09/26 09:48:46 [error] [php] Undefined variable: file (C:\Server\WebDocs\blog\protected\controllers\PostController.php:49)
Stack trace:
#0 C:\Server\WebDocs\yii\framework\web\filters\CFilterChain.php(133): PostController->runAction()
#1 C:\Server\WebDocs\yii\framework\web\filters\CFilter.php(40): CFilterChain->run()
#2 C:\Server\WebDocs\yii\framework\web\CController.php(1145): CAccessControlFilter->filter()
#3 C:\Server\WebDocs\yii\framework\web\filters\CInlineFilter.php(58): PostController->filterAccessControl()
#4 C:\Server\WebDocs\yii\framework\web\filters\CFilterChain.php(130): CInlineFilter->filter()
#5 C:\Server\WebDocs\yii\framework\web\CController.php(291): CFilterChain->run()
#6 C:\Server\WebDocs\yii\framework\web\CController.php(265): PostController->runActionWithFilters()
#7 C:\Server\WebDocs\yii\framework\web\CWebApplication.php(282): PostController->run()
#8 C:\Server\WebDocs\yii\framework\web\CWebApplication.php(141): CWebApplication->runController()
#9 C:\Server\WebDocs\yii\framework\base\CApplication.php(180): CWebApplication->processRequest()
#10 C:\Server\WebDocs\blog\index.php(11): CWebApplication->run()
REQUEST_URI=/blog/index.php/post/upload
2013/09/26 09:49:37 [error] [php] Undefined offset: 0 (C:\Server\WebDocs\blog\protected\controllers\PostController.php:46)
Stack trace:
#0 C:\Server\WebDocs\yii\framework\web\filters\CFilterChain.php(133): PostController->runAction()
#1 C:\Server\WebDocs\yii\framework\web\filters\CFilter.php(40): CFilterChain->run()
#2 C:\Server\WebDocs\yii\framework\web\CController.php(1145): CAccessControlFilter->filter()
#3 C:\Server\WebDocs\yii\framework\web\filters\CInlineFilter.php(58): PostController->filterAccessControl()
#4 C:\Server\WebDocs\yii\framework\web\filters\CFilterChain.php(130): CInlineFilter->filter()
#5 C:\Server\WebDocs\yii\framework\web\CController.php(291): CFilterChain->run()
#6 C:\Server\WebDocs\yii\framework\web\CController.php(265): PostController->runActionWithFilters()
#7 C:\Server\WebDocs\yii\framework\web\CWebApplication.php(282): PostController->run()
#8 C:\Server\WebDocs\yii\framework\web\CWebApplication.php(141): CWebApplication->runController()
#9 C:\Server\WebDocs\yii\framework\base\CApplication.php(180): CWebApplication->processRequest()
#10 C:\Server\WebDocs\blog\index.php(11): CWebApplication->run()
REQUEST_URI=/blog/index.php/post/upload
2013/09/26 09:49:39 [error] [php] Undefined offset: 0 (C:\Server\WebDocs\blog\protected\controllers\PostController.php:46)
Stack trace:
#0 C:\Server\WebDocs\yii\framework\web\filters\CFilterChain.php(133): PostController->runAction()
#1 C:\Server\WebDocs\yii\framework\web\filters\CFilter.php(40): CFilterChain->run()
#2 C:\Server\WebDocs\yii\framework\web\CController.php(1145): CAccessControlFilter->filter()
#3 C:\Server\WebDocs\yii\framework\web\filters\CInlineFilter.php(58): PostController->filterAccessControl()
#4 C:\Server\WebDocs\yii\framework\web\filters\CFilterChain.php(130): CInlineFilter->filter()
#5 C:\Server\WebDocs\yii\framework\web\CController.php(291): CFilterChain->run()
#6 C:\Server\WebDocs\yii\framework\web\CController.php(265): PostController->runActionWithFilters()
#7 C:\Server\WebDocs\yii\framework\web\CWebApplication.php(282): PostController->run()
#8 C:\Server\WebDocs\yii\framework\web\CWebApplication.php(141): CWebApplication->runController()
#9 C:\Server\WebDocs\yii\framework\base\CApplication.php(180): CWebApplication->processRequest()
#10 C:\Server\WebDocs\blog\index.php(11): CWebApplication->run()
REQUEST_URI=/blog/index.php/post/upload
2013/09/26 09:49:47 [error] [php] Undefined offset: 0 (C:\Server\WebDocs\blog\protected\controllers\PostController.php:46)
Stack trace:
#0 C:\Server\WebDocs\yii\framework\web\filters\CFilterChain.php(133): PostController->runAction()
#1 C:\Server\WebDocs\yii\framework\web\filters\CFilter.php(40): CFilterChain->run()
#2 C:\Server\WebDocs\yii\framework\web\CController.php(1145): CAccessControlFilter->filter()
#3 C:\Server\WebDocs\yii\framework\web\filters\CInlineFilter.php(58): PostController->filterAccessControl()
#4 C:\Server\WebDocs\yii\framework\web\filters\CFilterChain.php(130): CInlineFilter->filter()
#5 C:\Server\WebDocs\yii\framework\web\CController.php(291): CFilterChain->run()
#6 C:\Server\WebDocs\yii\framework\web\CController.php(265): PostController->runActionWithFilters()
#7 C:\Server\WebDocs\yii\framework\web\CWebApplication.php(282): PostController->run()
#8 C:\Server\WebDocs\yii\framework\web\CWebApplication.php(141): CWebApplication->runController()
#9 C:\Server\WebDocs\yii\framework\base\CApplication.php(180): CWebApplication->processRequest()
#10 C:\Server\WebDocs\blog\index.php(11): CWebApplication->run()
REQUEST_URI=/blog/index.php/post/upload
2013/09/26 09:50:28 [error] [php] Undefined offset: 0 (C:\Server\WebDocs\blog\protected\controllers\PostController.php:46)
Stack trace:
#0 C:\Server\WebDocs\yii\framework\web\filters\CFilterChain.php(133): PostController->runAction()
#1 C:\Server\WebDocs\yii\framework\web\filters\CFilter.php(40): CFilterChain->run()
#2 C:\Server\WebDocs\yii\framework\web\CController.php(1145): CAccessControlFilter->filter()
#3 C:\Server\WebDocs\yii\framework\web\filters\CInlineFilter.php(58): PostController->filterAccessControl()
#4 C:\Server\WebDocs\yii\framework\web\filters\CFilterChain.php(130): CInlineFilter->filter()
#5 C:\Server\WebDocs\yii\framework\web\CController.php(291): CFilterChain->run()
#6 C:\Server\WebDocs\yii\framework\web\CController.php(265): PostController->runActionWithFilters()
#7 C:\Server\WebDocs\yii\framework\web\CWebApplication.php(282): PostController->run()
#8 C:\Server\WebDocs\yii\framework\web\CWebApplication.php(141): CWebApplication->runController()
#9 C:\Server\WebDocs\yii\framework\base\CApplication.php(180): CWebApplication->processRequest()
#10 C:\Server\WebDocs\blog\index.php(11): CWebApplication->run()
REQUEST_URI=/blog/index.php/post/upload
2013/09/27 02:27:04 [error] [php] Undefined variable: id (C:\Server\WebDocs\blog\protected\views\post\_form.php:64)
Stack trace:
#0 C:\Server\WebDocs\yii\framework\web\CController.php(869): PostController->renderFile()
#1 C:\Server\WebDocs\blog\protected\views\post\create.php(8): PostController->renderPartial()
#2 C:\Server\WebDocs\yii\framework\web\CBaseController.php(126): require()
#3 C:\Server\WebDocs\yii\framework\web\CBaseController.php(95): PostController->renderInternal()
#4 C:\Server\WebDocs\yii\framework\web\CController.php(869): PostController->renderFile()
#5 C:\Server\WebDocs\yii\framework\web\CController.php(782): PostController->renderPartial()
#6 C:\Server\WebDocs\blog\protected\controllers\PostController.php(81): PostController->render()
#7 C:\Server\WebDocs\yii\framework\web\actions\CInlineAction.php(49): PostController->actionCreate()
#8 C:\Server\WebDocs\yii\framework\web\CController.php(308): CInlineAction->runWithParams()
#9 C:\Server\WebDocs\yii\framework\web\filters\CFilterChain.php(133): PostController->runAction()
#10 C:\Server\WebDocs\yii\framework\web\filters\CFilter.php(40): CFilterChain->run()
#11 C:\Server\WebDocs\yii\framework\web\CController.php(1145): CAccessControlFilter->filter()
#12 C:\Server\WebDocs\yii\framework\web\filters\CInlineFilter.php(58): PostController->filterAccessControl()
#13 C:\Server\WebDocs\yii\framework\web\filters\CFilterChain.php(130): CInlineFilter->filter()
#14 C:\Server\WebDocs\yii\framework\web\CController.php(291): CFilterChain->run()
#15 C:\Server\WebDocs\yii\framework\web\CController.php(265): PostController->runActionWithFilters()
#16 C:\Server\WebDocs\yii\framework\web\CWebApplication.php(282): PostController->run()
#17 C:\Server\WebDocs\yii\framework\web\CWebApplication.php(141): CWebApplication->runController()
#18 C:\Server\WebDocs\yii\framework\base\CApplication.php(180): CWebApplication->processRequest()
#19 C:\Server\WebDocs\blog\index.php(11): CWebApplication->run()
REQUEST_URI=/blog/index.php/post/create
2013/09/27 02:52:32 [error] [php] Undefined index: filename (C:\Server\WebDocs\blog\protected\controllers\PostController.php:54)
Stack trace:
#0 C:\Server\WebDocs\yii\framework\web\filters\CFilterChain.php(133): PostController->runAction()
#1 C:\Server\WebDocs\yii\framework\web\filters\CFilter.php(40): CFilterChain->run()
#2 C:\Server\WebDocs\yii\framework\web\CController.php(1145): CAccessControlFilter->filter()
#3 C:\Server\WebDocs\yii\framework\web\filters\CInlineFilter.php(58): PostController->filterAccessControl()
#4 C:\Server\WebDocs\yii\framework\web\filters\CFilterChain.php(130): CInlineFilter->filter()
#5 C:\Server\WebDocs\yii\framework\web\CController.php(291): CFilterChain->run()
#6 C:\Server\WebDocs\yii\framework\web\CController.php(265): PostController->runActionWithFilters()
#7 C:\Server\WebDocs\yii\framework\web\CWebApplication.php(282): PostController->run()
#8 C:\Server\WebDocs\yii\framework\web\CWebApplication.php(141): CWebApplication->runController()
#9 C:\Server\WebDocs\yii\framework\base\CApplication.php(180): CWebApplication->processRequest()
#10 C:\Server\WebDocs\blog\index.php(11): CWebApplication->run()
REQUEST_URI=/blog/index.php/post/uploadz?PHPSESSID=c1c61902rembopkfg134cclq41&YII_CSRF_TOKEN=9e7d30be6e83cbf035871013bd3b719ed5247def&qqfile=img.zip
2013/09/27 02:53:59 [error] [php] Undefined index: filename (C:\Server\WebDocs\blog\protected\controllers\PostController.php:54)
Stack trace:
#0 C:\Server\WebDocs\yii\framework\web\filters\CFilterChain.php(133): PostController->runAction()
#1 C:\Server\WebDocs\yii\framework\web\filters\CFilter.php(40): CFilterChain->run()
#2 C:\Server\WebDocs\yii\framework\web\CController.php(1145): CAccessControlFilter->filter()
#3 C:\Server\WebDocs\yii\framework\web\filters\CInlineFilter.php(58): PostController->filterAccessControl()
#4 C:\Server\WebDocs\yii\framework\web\filters\CFilterChain.php(130): CInlineFilter->filter()
#5 C:\Server\WebDocs\yii\framework\web\CController.php(291): CFilterChain->run()
#6 C:\Server\WebDocs\yii\framework\web\CController.php(265): PostController->runActionWithFilters()
#7 C:\Server\WebDocs\yii\framework\web\CWebApplication.php(282): PostController->run()
#8 C:\Server\WebDocs\yii\framework\web\CWebApplication.php(141): CWebApplication->runController()
#9 C:\Server\WebDocs\yii\framework\base\CApplication.php(180): CWebApplication->processRequest()
#10 C:\Server\WebDocs\blog\index.php(11): CWebApplication->run()
REQUEST_URI=/blog/index.php/post/uploadz?PHPSESSID=c1c61902rembopkfg134cclq41&YII_CSRF_TOKEN=9e7d30be6e83cbf035871013bd3b719ed5247def&qqfile=img.zip
2013/09/27 03:28:16 [error] [exception.CHttpException.404] exception 'CHttpException' with message 'The system is unable to find the requested action "index.php".' in C:\Server\WebDocs\yii\framework\web\CController.php:483
Stack trace:
#0 C:\Server\WebDocs\yii\framework\web\CController.php(270): CController->missingAction('index.php')
#1 C:\Server\WebDocs\yii\framework\web\CWebApplication.php(282): CController->run('index.php')
#2 C:\Server\WebDocs\yii\framework\web\CWebApplication.php(141): CWebApplication->runController('post/index.php')
#3 C:\Server\WebDocs\yii\framework\base\CApplication.php(180): CWebApplication->processRequest()
#4 C:\Server\WebDocs\blog\index.php(11): CApplication->run()
#5 {main}
REQUEST_URI=/blog/index.php/post/index.php
HTTP_REFERER=http://localhost/blog/index.php/post/create
---
2013/09/27 03:37:50 [error] [php] Undefined offset: 0 (C:\Server\WebDocs\blog\protected\controllers\PostController.php:61)
Stack trace:
#0 C:\Server\WebDocs\yii\framework\web\filters\CFilterChain.php(133): PostController->runAction()
#1 C:\Server\WebDocs\yii\framework\web\filters\CFilter.php(40): CFilterChain->run()
#2 C:\Server\WebDocs\yii\framework\web\CController.php(1145): CAccessControlFilter->filter()
#3 C:\Server\WebDocs\yii\framework\web\filters\CInlineFilter.php(58): PostController->filterAccessControl()
#4 C:\Server\WebDocs\yii\framework\web\filters\CFilterChain.php(130): CInlineFilter->filter()
#5 C:\Server\WebDocs\yii\framework\web\CController.php(291): CFilterChain->run()
#6 C:\Server\WebDocs\yii\framework\web\CController.php(265): PostController->runActionWithFilters()
#7 C:\Server\WebDocs\yii\framework\web\CWebApplication.php(282): PostController->run()
#8 C:\Server\WebDocs\yii\framework\web\CWebApplication.php(141): CWebApplication->runController()
#9 C:\Server\WebDocs\yii\framework\base\CApplication.php(180): CWebApplication->processRequest()
#10 C:\Server\WebDocs\blog\index.php(11): CWebApplication->run()
REQUEST_URI=/blog/index.php/post/upload
2013/09/27 03:38:13 [error] [php] Undefined index: file (C:\Server\WebDocs\blog\protected\controllers\PostController.php:61)
Stack trace:
#0 C:\Server\WebDocs\yii\framework\web\filters\CFilterChain.php(133): PostController->runAction()
#1 C:\Server\WebDocs\yii\framework\web\filters\CFilter.php(40): CFilterChain->run()
#2 C:\Server\WebDocs\yii\framework\web\CController.php(1145): CAccessControlFilter->filter()
#3 C:\Server\WebDocs\yii\framework\web\filters\CInlineFilter.php(58): PostController->filterAccessControl()
#4 C:\Server\WebDocs\yii\framework\web\filters\CFilterChain.php(130): CInlineFilter->filter()
#5 C:\Server\WebDocs\yii\framework\web\CController.php(291): CFilterChain->run()
#6 C:\Server\WebDocs\yii\framework\web\CController.php(265): PostController->runActionWithFilters()
#7 C:\Server\WebDocs\yii\framework\web\CWebApplication.php(282): PostController->run()
#8 C:\Server\WebDocs\yii\framework\web\CWebApplication.php(141): CWebApplication->runController()
#9 C:\Server\WebDocs\yii\framework\base\CApplication.php(180): CWebApplication->processRequest()
#10 C:\Server\WebDocs\blog\index.php(11): CWebApplication->run()
REQUEST_URI=/blog/index.php/post/upload
